speedup 200.00
duration 200
DEBUG: 0.000095 barber goes to sleep
DEBUG: 0.032440 customer 1 enters shop
DEBUG: 0.032458 barber wakes up
DEBUG: 0.032461 customer 1 starts haircut
DEBUG: 0.036719 customer 2 enters shop
DEBUG: 0.039782 customer 0 enters shop
DEBUG: 0.041433 customer 1 leaves shop
DEBUG: 0.041440 customer 2 starts haircut
DEBUG: 0.043657 customer 2 leaves shop
DEBUG: 0.043662 customer 0 starts haircut
DEBUG: 0.045280 customer 1 enters shop
DEBUG: 0.047257 customer 0 leaves shop
DEBUG: 0.047261 customer 1 starts haircut
DEBUG: 0.050739 customer 9 enters shop
DEBUG: 0.060655 customer 0 enters shop
DEBUG: 0.065863 customer 1 leaves shop
DEBUG: 0.065868 customer 9 starts haircut
DEBUG: 0.073506 customer 2 enters shop
DEBUG: 0.087092 customer 8 enters shop
DEBUG: 0.089964 customer 9 leaves shop
DEBUG: 0.089968 customer 0 starts haircut
DEBUG: 0.096681 customer 9 enters shop
DEBUG: 0.097454 customer 0 leaves shop
DEBUG: 0.097457 customer 2 starts haircut
DEBUG: 0.101407 customer 2 leaves shop
DEBUG: 0.101410 customer 8 starts haircut
DEBUG: 0.101724 customer 0 enters shop
DEBUG: 0.105665 customer 8 leaves shop
DEBUG: 0.105668 customer 9 starts haircut
DEBUG: 0.112067 customer 8 enters shop
DEBUG: 0.112074 customer 2 enters shop
DEBUG: 0.116041 customer 9 leaves shop
DEBUG: 0.116044 customer 0 starts haircut
DEBUG: 0.119583 customer 3 enters shop
DEBUG: 0.119613 customer 0 leaves shop
DEBUG: 0.119615 customer 8 starts haircut
DEBUG: 0.119774 customer 4 enters shop
DEBUG: 0.121919 customer 0 enters shop
DEBUG: 0.121932 customer 8 leaves shop
DEBUG: 0.121933 customer 2 starts haircut
DEBUG: 0.127613 customer 8 enters shop
DEBUG: 0.135192 customer 2 leaves shop
DEBUG: 0.135199 customer 3 starts haircut
DEBUG: 0.147415 customer 1 enters shop
DEBUG: 0.149336 customer 3 leaves shop
DEBUG: 0.149340 customer 4 starts haircut
DEBUG: 0.159874 customer 7 enters shop
DEBUG: 0.173723 customer 4 leaves shop
DEBUG: 0.173729 customer 0 starts haircut
DEBUG: 0.176497 customer 0 leaves shop
DEBUG: 0.176500 customer 8 starts haircut
DEBUG: 0.178751 customer 8 leaves shop
DEBUG: 0.178754 customer 1 starts haircut
DEBUG: 0.181784 customer 1 leaves shop
DEBUG: 0.181788 customer 7 starts haircut
DEBUG: 0.185017 customer 7 leaves shop
DEBUG: 0.185020 barber goes to sleep
DEBUG: 0.193417 customer 4 enters shop
DEBUG: 0.193422 barber wakes up
DEBUG: 0.193423 customer 4 starts haircut
DEBUG: 0.194987 customer 1 enters shop
DEBUG: 0.197901 customer 4 leaves shop
DEBUG: 0.197904 customer 1 starts haircut
DEBUG: 0.197948 customer 3 enters shop
DEBUG: 0.202124 customer 1 leaves shop
DEBUG: 0.202127 customer 3 starts haircut
DEBUG: 0.203948 customer 2 enters shop
DEBUG: 0.204364 customer 3 leaves shop
DEBUG: 0.204367 customer 2 starts haircut
DEBUG: 0.206618 customer 2 leaves shop
DEBUG: 0.206621 barber goes to sleep
DEBUG: 0.239967 customer 2 enters shop
DEBUG: 0.239976 barber wakes up
DEBUG: 0.239977 customer 2 starts haircut
DEBUG: 0.244820 customer 9 enters shop
DEBUG: 0.245185 customer 2 leaves shop
DEBUG: 0.245188 customer 9 starts haircut
DEBUG: 0.249039 customer 9 leaves shop
DEBUG: 0.249046 barber goes to sleep
DEBUG: 0.252717 customer 1 enters shop
DEBUG: 0.252726 barber wakes up
DEBUG: 0.252728 customer 1 starts haircut
DEBUG: 0.254311 customer 3 enters shop
DEBUG: 0.255017 customer 1 leaves shop
DEBUG: 0.255025 customer 3 starts haircut
DEBUG: 0.255779 customer 4 enters shop
DEBUG: 0.257238 customer 3 leaves shop
DEBUG: 0.257249 customer 4 starts haircut
DEBUG: 0.259487 customer 3 enters shop
DEBUG: 0.266132 customer 2 enters shop
DEBUG: 0.268275 customer 1 enters shop
DEBUG: 0.269288 customer 7 enters shop
DEBUG: 0.275035 customer 4 leaves shop
DEBUG: 0.275111 customer 3 starts haircut
DEBUG: 0.282145 customer 3 leaves shop
DEBUG: 0.282153 customer 2 starts haircut
DEBUG: 0.282257 customer 8 enters shop
DEBUG: 0.290288 customer 2 leaves shop
DEBUG: 0.290296 customer 1 starts haircut
DEBUG: 0.293170 customer 1 leaves shop
DEBUG: 0.293183 customer 7 starts haircut
DEBUG: 0.298472 customer 7 leaves shop
DEBUG: 0.298485 customer 8 starts haircut
DEBUG: 0.300968 customer 2 enters shop
DEBUG: 0.303552 customer 8 leaves shop
DEBUG: 0.303565 customer 2 starts haircut
DEBUG: 0.305644 customer 2 leaves shop
DEBUG: 0.305657 barber goes to sleep
DEBUG: 0.310609 customer 8 enters shop
DEBUG: 0.310621 barber wakes up
DEBUG: 0.310623 customer 8 starts haircut
DEBUG: 0.313021 customer 8 leaves shop
DEBUG: 0.313034 barber goes to sleep
DEBUG: 0.321812 customer 1 enters shop
DEBUG: 0.321824 barber wakes up
DEBUG: 0.321826 customer 1 starts haircut
DEBUG: 0.326134 customer 7 enters shop
DEBUG: 0.327518 customer 1 leaves shop
DEBUG: 0.327531 customer 7 starts haircut
DEBUG: 0.333445 customer 2 enters shop
DEBUG: 0.337685 customer 9 enters shop
DEBUG: 0.338076 customer 7 leaves shop
DEBUG: 0.338084 customer 2 starts haircut
DEBUG: 0.340708 customer 2 leaves shop
DEBUG: 0.340716 customer 9 starts haircut
DEBUG: 0.343171 customer 9 leaves shop
DEBUG: 0.343180 barber goes to sleep
DEBUG: 0.346324 customer 2 enters shop
DEBUG: 0.346346 customer 6 enters shop
DEBUG: 0.346366 barber wakes up
DEBUG: 0.346369 customer 2 starts haircut
DEBUG: 0.349031 customer 7 enters shop
DEBUG: 0.349073 customer 2 leaves shop
DEBUG: 0.349077 customer 6 starts haircut
DEBUG: 0.361727 customer 6 leaves shop
DEBUG: 0.361734 customer 7 starts haircut
DEBUG: 0.368072 customer 8 enters shop
DEBUG: 0.400863 customer 4 enters shop
DEBUG: 0.407392 customer 7 leaves shop
DEBUG: 0.407405 customer 8 starts haircut
DEBUG: 0.411048 customer 8 leaves shop
DEBUG: 0.411059 customer 4 starts haircut
DEBUG: 0.412654 customer 3 enters shop
DEBUG: 0.431308 customer 0 enters shop
DEBUG: 0.432963 customer 4 leaves shop
DEBUG: 0.432972 customer 3 starts haircut
DEBUG: 0.435648 customer 3 leaves shop
DEBUG: 0.435661 customer 0 starts haircut
DEBUG: 0.437616 customer 1 enters shop
DEBUG: 0.442547 customer 9 enters shop
DEBUG: 0.443525 customer 0 leaves shop
DEBUG: 0.443539 customer 1 starts haircut
DEBUG: 0.443689 customer 3 enters shop
DEBUG: 0.444306 customer 6 enters shop
DEBUG: 0.447524 customer 1 leaves shop
DEBUG: 0.447538 customer 9 starts haircut
DEBUG: 0.449807 customer 8 enters shop
DEBUG: 0.456275 customer 9 leaves shop
DEBUG: 0.456288 customer 3 starts haircut
DEBUG: 0.456507 customer 7 enters shop
DEBUG: 0.460045 customer 1 enters shop
DEBUG: 0.461103 customer 3 leaves shop
DEBUG: 0.461111 customer 6 starts haircut
DEBUG: 0.463400 customer 3 enters shop
DEBUG: 0.463422 customer 6 leaves shop
DEBUG: 0.463424 customer 8 starts haircut
DEBUG: 0.465851 customer 8 leaves shop
DEBUG: 0.465858 customer 7 starts haircut
DEBUG: 0.468284 customer 7 leaves shop
DEBUG: 0.468293 customer 1 starts haircut
DEBUG: 0.470799 customer 1 leaves shop
DEBUG: 0.470812 customer 3 starts haircut
DEBUG: 0.473311 customer 3 leaves shop
DEBUG: 0.473324 barber goes to sleep
DEBUG: 0.474537 customer 4 enters shop
DEBUG: 0.474552 barber wakes up
DEBUG: 0.474554 customer 4 starts haircut
DEBUG: 0.484712 customer 3 enters shop
DEBUG: 0.486522 customer 4 leaves shop
DEBUG: 0.486532 customer 3 starts haircut
DEBUG: 0.489850 customer 3 leaves shop
DEBUG: 0.489858 barber goes to sleep
DEBUG: 0.491076 customer 1 enters shop
DEBUG: 0.491088 barber wakes up
DEBUG: 0.491090 customer 1 starts haircut
DEBUG: 0.491430 customer 4 enters shop
DEBUG: 0.497426 customer 1 leaves shop
DEBUG: 0.497438 customer 4 starts haircut
DEBUG: 0.499851 customer 4 leaves shop
DEBUG: 0.499864 barber goes to sleep
DEBUG: 0.500167 customer 5 enters shop
DEBUG: 0.500182 barber wakes up
DEBUG: 0.500183 customer 5 starts haircut
DEBUG: 0.500460 customer 0 enters shop
DEBUG: 0.501959 customer 6 enters shop
DEBUG: 0.503047 customer 3 enters shop
DEBUG: 0.503872 customer 1 enters shop
DEBUG: 0.511547 customer 5 leaves shop
DEBUG: 0.511557 customer 0 starts haircut
DEBUG: 0.517420 customer 0 leaves shop
DEBUG: 0.517433 customer 6 starts haircut
DEBUG: 0.537906 customer 9 enters shop
DEBUG: 0.538659 customer 6 leaves shop
DEBUG: 0.538672 customer 3 starts haircut
DEBUG: 0.540832 customer 4 enters shop
DEBUG: 0.540857 customer 3 leaves shop
DEBUG: 0.540859 customer 1 starts haircut
DEBUG: 0.542756 customer 0 enters shop
DEBUG: 0.545582 customer 1 leaves shop
DEBUG: 0.545595 customer 9 starts haircut
DEBUG: 0.546935 customer 3 enters shop
DEBUG: 0.548538 customer 5 enters shop
DEBUG: 0.553220 customer 9 leaves shop
DEBUG: 0.553228 customer 4 starts haircut
DEBUG: 0.555734 customer 4 leaves shop
DEBUG: 0.555747 customer 0 starts haircut
DEBUG: 0.558344 customer 9 enters shop
DEBUG: 0.562767 customer 0 leaves shop
DEBUG: 0.562777 customer 3 starts haircut
DEBUG: 0.565063 customer 0 enters shop
DEBUG: 0.565094 customer 3 leaves shop
DEBUG: 0.565097 customer 5 starts haircut
DEBUG: 0.566437 customer 8 enters shop
DEBUG: 0.567210 customer 5 leaves shop
DEBUG: 0.567215 customer 9 starts haircut
DEBUG: 0.575603 customer 5 enters shop
DEBUG: 0.579686 customer 3 enters shop
DEBUG: 0.581894 customer 9 leaves shop
DEBUG: 0.581902 customer 0 starts haircut
DEBUG: 0.587610 customer 4 enters shop
DEBUG: 0.592809 customer 0 leaves shop
DEBUG: 0.592818 customer 8 starts haircut
DEBUG: 0.596340 customer 1 enters shop
DEBUG: 0.598395 customer 8 leaves shop
DEBUG: 0.598405 customer 5 starts haircut
DEBUG: 0.605017 customer 5 leaves shop
DEBUG: 0.605030 customer 3 starts haircut
DEBUG: 0.617586 customer 3 leaves shop
DEBUG: 0.617599 customer 4 starts haircut
DEBUG: 0.624515 customer 6 enters shop
DEBUG: 0.624539 customer 2 enters shop
DEBUG: 0.624930 customer 4 leaves shop
DEBUG: 0.624939 customer 1 starts haircut
DEBUG: 0.634350 customer 1 leaves shop
DEBUG: 0.634362 customer 6 starts haircut
DEBUG: 0.642118 customer 8 enters shop
DEBUG: 0.643729 customer 6 leaves shop
DEBUG: 0.643739 customer 2 starts haircut
DEBUG: 0.648263 customer 2 leaves shop
DEBUG: 0.648276 customer 8 starts haircut
DEBUG: 0.650175 customer 6 enters shop
DEBUG: 0.650452 customer 8 leaves shop
DEBUG: 0.650456 customer 6 starts haircut
DEBUG: 0.654083 customer 5 enters shop
DEBUG: 0.654097 customer 0 enters shop
DEBUG: 0.663724 customer 6 leaves shop
DEBUG: 0.663736 customer 5 starts haircut
DEBUG: 0.667081 customer 1 enters shop
DEBUG: 0.669374 customer 7 enters shop
DEBUG: 0.670502 customer 5 leaves shop
DEBUG: 0.670511 customer 0 starts haircut
DEBUG: 0.674096 customer 0 leaves shop
DEBUG: 0.674104 customer 1 starts haircut
DEBUG: 0.681031 customer 8 enters shop
DEBUG: 0.684438 customer 0 enters shop
DEBUG: 0.690309 customer 1 leaves shop
DEBUG: 0.690317 customer 7 starts haircut
DEBUG: 0.696340 customer 7 leaves shop
DEBUG: 0.696353 customer 8 starts haircut
DEBUG: 0.697584 customer 5 enters shop
DEBUG: 0.702105 customer 7 enters shop
DEBUG: 0.703191 customer 6 enters shop
DEBUG: 0.706743 customer 8 leaves shop
DEBUG: 0.706756 customer 0 starts haircut
DEBUG: 0.717531 customer 1 enters shop
DEBUG: 0.717572 customer 0 leaves shop
DEBUG: 0.717576 customer 5 starts haircut
DEBUG: 0.730677 customer 5 leaves shop
DEBUG: 0.730685 customer 7 starts haircut
DEBUG: 0.733273 customer 7 leaves shop
DEBUG: 0.733282 customer 6 starts haircut
DEBUG: 0.735817 customer 6 leaves shop
DEBUG: 0.735830 customer 1 starts haircut
DEBUG: 0.743248 customer 1 leaves shop
DEBUG: 0.743261 barber goes to sleep
DEBUG: 0.750125 customer 5 enters shop
DEBUG: 0.750137 barber wakes up
DEBUG: 0.750139 customer 5 starts haircut
DEBUG: 0.751377 customer 6 enters shop
DEBUG: 0.752470 customer 5 leaves shop
DEBUG: 0.752480 customer 6 starts haircut
DEBUG: 0.753257 customer 1 enters shop
DEBUG: 0.755401 customer 6 leaves shop
DEBUG: 0.755411 customer 1 starts haircut
DEBUG: 0.755523 customer 7 enters shop
DEBUG: 0.758868 customer 1 leaves shop
DEBUG: 0.758877 customer 7 starts haircut
DEBUG: 0.761311 customer 7 leaves shop
DEBUG: 0.761321 barber goes to sleep
DEBUG: 0.772085 customer 1 enters shop
DEBUG: 0.772104 barber wakes up
DEBUG: 0.772107 customer 1 starts haircut
DEBUG: 0.778834 customer 9 enters shop
DEBUG: 0.785763 customer 8 enters shop
DEBUG: 0.789982 customer 4 enters shop
DEBUG: 0.790006 customer 2 enters shop
DEBUG: 0.790990 customer 1 leaves shop
DEBUG: 0.791000 customer 9 starts haircut
DEBUG: 0.794493 customer 9 leaves shop
DEBUG: 0.794507 customer 8 starts haircut
DEBUG: 0.798256 customer 8 leaves shop
DEBUG: 0.798269 customer 4 starts haircut
DEBUG: 0.799871 customer 6 enters shop
DEBUG: 0.804145 customer 5 enters shop
DEBUG: 0.806341 customer 4 leaves shop
DEBUG: 0.806350 customer 2 starts haircut
DEBUG: 0.809342 customer 2 leaves shop
DEBUG: 0.809351 customer 6 starts haircut
DEBUG: 0.809659 customer 0 enters shop
DEBUG: 0.811104 customer 3 enters shop
DEBUG: 0.815055 customer 6 leaves shop
DEBUG: 0.815064 customer 5 starts haircut
DEBUG: 0.818474 customer 5 leaves shop
DEBUG: 0.818483 customer 0 starts haircut
DEBUG: 0.821679 customer 4 enters shop
DEBUG: 0.823159 customer 6 enters shop
DEBUG: 0.824489 customer 1 enters shop
DEBUG: 0.828880 customer 0 leaves shop
DEBUG: 0.828889 customer 3 starts haircut
DEBUG: 0.831752 customer 0 enters shop
DEBUG: 0.857295 customer 3 leaves shop
DEBUG: 0.857309 customer 4 starts haircut
DEBUG: 0.860025 customer 4 leaves shop
DEBUG: 0.860038 customer 6 starts haircut
DEBUG: 0.863927 customer 8 enters shop
DEBUG: 0.863956 customer 6 leaves shop
DEBUG: 0.863958 customer 1 starts haircut
DEBUG: 0.869523 customer 1 leaves shop
DEBUG: 0.869536 customer 0 starts haircut
DEBUG: 0.877672 customer 5 enters shop
DEBUG: 0.879682 customer 0 leaves shop
DEBUG: 0.879695 customer 8 starts haircut
DEBUG: 0.880783 customer 9 enters shop
DEBUG: 0.887019 customer 3 enters shop
DEBUG: 0.898176 customer 8 leaves shop
DEBUG: 0.898189 customer 5 starts haircut
DEBUG: 0.901473 customer 4 enters shop
DEBUG: 0.901599 customer 5 leaves shop
DEBUG: 0.901603 customer 9 starts haircut
DEBUG: 0.902672 customer 8 enters shop
DEBUG: 0.907252 customer 9 leaves shop
DEBUG: 0.907265 customer 3 starts haircut
DEBUG: 0.913934 customer 3 leaves shop
DEBUG: 0.913952 customer 4 starts haircut
DEBUG: 0.915784 customer 2 enters shop
DEBUG: 0.920435 customer 4 leaves shop
DEBUG: 0.920443 customer 8 starts haircut
DEBUG: 0.923377 customer 5 enters shop
DEBUG: 0.923400 customer 6 enters shop
DEBUG: 0.928658 customer 8 leaves shop
DEBUG: 0.928671 customer 2 starts haircut
DEBUG: 0.932985 customer 8 enters shop
DEBUG: 0.933611 customer 2 leaves shop
DEBUG: 0.933618 customer 5 starts haircut
DEBUG: 0.934235 customer 9 enters shop
DEBUG: 0.936072 customer 5 leaves shop
DEBUG: 0.936086 customer 6 starts haircut
DEBUG: 0.938584 customer 6 leaves shop
DEBUG: 0.938597 customer 8 starts haircut
DEBUG: 0.941243 customer 8 leaves shop
DEBUG: 0.941256 customer 9 starts haircut
DEBUG: 0.946897 customer 1 enters shop
DEBUG: 0.947114 customer 6 enters shop
DEBUG: 0.954016 customer 9 leaves shop
DEBUG: 0.954029 customer 1 starts haircut
DEBUG: 0.958224 customer 0 enters shop
DEBUG: 0.958959 customer 2 enters shop
DEBUG: 0.980948 customer 1 leaves shop
DEBUG: 0.980977 customer 6 starts haircut
DEBUG: 0.983725 customer 6 leaves shop
DEBUG: 0.983737 customer 0 starts haircut
DEBUG: 0.986325 customer 0 leaves shop
DEBUG: 0.986337 customer 2 starts haircut
DEBUG: 0.989194 customer 2 leaves shop
DEBUG: 0.989203 barber goes to sleep
DEBUG: 0.989940 customer 6 enters shop
DEBUG: 0.989948 barber wakes up
DEBUG: 0.989950 customer 6 starts haircut
DEBUG: 1.001247 customer 9 enters shop
